dbg: paws

* Autogenerated by the Creatures Map Editor
* For more info see http://cdn.creatures.net

* Addon file: deletes existing metarooms at the same place, same background name
* 1 metarooms, 138 rooms, 285 doors

setv va00 gmap 1857 7446
doif va00 <> -1
  * check it is made from the same background
  doif bkds va00 <> "hive.v2"
		outs "background"
		stop
	endi
	* Delete any map editor alerters still left over
	enum 1 1 229
		kill targ
	next
	* Check for any agents in the metaroom
	enum 0 0 0
		setv va32 attr
		andv va32 32
		doif va32 ne 32
			doif targ ne pntr
				doif gmap posx posy = va00 and carr = null
					cmrt 0
					seta va33 targ
					new: comp 1 1 229 "blank" 1 0 9000
					attr 32
					frel va33
					pat: fixd 1 "blank" 0 0 0 0 "whiteontransparentchars"
					flto 0 30
					part 1
					ptxt "Map editor can't change this meta room; I'm still in it"
					outs "agent"
					stop
				endi
			endi
		endi
	next
  * delete all the rooms in the meta room
	sets va01 erid va00
  
	doif strl va01 > 0
		setv va03 1
		sets va98 ""
		loop
			setv va99 char va01 va03
			doif va99 = ' '
				doif va98 <> ""
					delr stoi va98
					sets va98 ""
				endi
			else
				sets va50 " "
				char va50 1 va99
				adds va98 va50
			endi
			addv va03 1
		untl va03 > strl va01
		doif va98 <> ""
			delr stoi va98
			sets va98 ""
		endi
	endi
  
  * delete the metaroom itself
	delm va00

endi

setv game "mapeditortmp" addm 705 6798 2304 1296 "hive.v2"
mmsc 1857 7446 ""
  setv va00 addr game "mapeditortmp" 747 880 6866 6866 7034 7034
    rtyp va00 2
    rmsc 813 6950 ""
    setv game "mapeditortmp_0" va00
  setv va00 addr game "mapeditortmp" 880 1026 6866 6866 7034 7034
    rtyp va00 2
    rmsc 953 6950 ""
    setv game "mapeditortmp_1" va00
  setv va00 addr game "mapeditortmp" 1026 1160 6866 6866 7034 7034
    rtyp va00 2
    rmsc 1093 6950 ""
    setv game "mapeditortmp_2" va00
  setv va00 addr game "mapeditortmp" 1160 1300 6866 6866 7034 7034
    rtyp va00 2
    rmsc 1230 6950 ""
    setv game "mapeditortmp_3" va00
  setv va00 addr game "mapeditortmp" 1300 1456 6866 6866 7034 7033
    rtyp va00 2
    rmsc 1378 6949 ""
    setv game "mapeditortmp_4" va00
  setv va00 addr game "mapeditortmp" 1456 1533 7033 7033 7045 7048
    rtyp va00 0
    rmsc 1494 7040 ""
    setv game "mapeditortmp_5" va00
  setv va00 addr game "mapeditortmp" 747 1456 7034 7033 7045 7045
    rtyp va00 2
    rmsc 1101 7039 ""
    setv game "mapeditortmp_6" va00
  setv va00 addr game "mapeditortmp" 747 880 7045 7045 7226 7226
    rtyp va00 2
    rmsc 813 7135 ""
    setv game "mapeditortmp_7" va00
  setv va00 addr game "mapeditortmp" 880 1028 7045 7045 7226 7226
    rtyp va00 2
    rmsc 954 7135 ""
    setv game "mapeditortmp_8" va00
  setv va00 addr game "mapeditortmp" 1028 1162 7045 7045 7226 7226
    rtyp va00 2
    rmsc 1095 7135 ""
    setv game "mapeditortmp_9" va00
  setv va00 addr game "mapeditortmp" 1162 1301 7045 7045 7226 7226
    rtyp va00 2
    rmsc 1231 7135 ""
    setv game "mapeditortmp_10" va00
  setv va00 addr game "mapeditortmp" 1301 1437 7045 7045 7226 7226
    rtyp va00 2
    rmsc 1369 7135 ""
    setv game "mapeditortmp_11" va00
  setv va00 addr game "mapeditortmp" 1437 1462 7045 7045 7226 7226
    rtyp va00 2
    rmsc 1449 7135 ""
    setv game "mapeditortmp_12" va00
  setv va00 addr game "mapeditortmp" 1462 1533 7045 7048 7226 7227
    rtyp va00 2
    rmsc 1497 7136 ""
    setv game "mapeditortmp_13" va00
  setv va00 addr game "mapeditortmp" 1456 1533 6866 6866 7033 7033
    rtyp va00 0
    rmsc 1494 6949 ""
    setv game "mapeditortmp_14" va00
  setv va00 addr game "mapeditortmp" 1533 1688 7048 7050 7227 7230
    rtyp va00 5
    rmsc 1610 7139 ""
    setv game "mapeditortmp_15" va00
  setv va00 addr game "mapeditortmp" 1688 1817 7050 7053 7230 7238
    rtyp va00 5
    rmsc 1752 7144 ""
    setv game "mapeditortmp_16" va00
  setv va00 addr game "mapeditortmp" 1817 1938 7053 7065 7238 7249
    rtyp va00 5
    rmsc 1877 7151 ""
    setv game "mapeditortmp_17" va00
  setv va00 addr game "mapeditortmp" 1938 2033 7065 7076 7249 7263
    rtyp va00 5
    rmsc 1985 7164 ""
    setv game "mapeditortmp_18" va00
  setv va00 addr game "mapeditortmp" 2033 2129 7076 7095 7263 7280
    rtyp va00 5
    rmsc 2081 7178 ""
    setv game "mapeditortmp_19" va00
  setv va00 addr game "mapeditortmp" 2129 2218 7095 7113 7280 7294
    rtyp va00 5
    rmsc 2173 7194 ""
    setv game "mapeditortmp_20" va00
  setv va00 addr game "mapeditortmp" 2218 2318 7113 7133 7294 7308
    rtyp va00 5
    rmsc 2268 7210 ""
    setv game "mapeditortmp_21" va00
  setv va00 addr game "mapeditortmp" 2318 2409 7133 7144 7308 7316
    rtyp va00 5
    rmsc 2363 7224 ""
    setv game "mapeditortmp_22" va00
  setv va00 addr game "mapeditortmp" 2409 2507 7144 7146 7316 7321
    rtyp va00 5
    rmsc 2458 7232 ""
    setv game "mapeditortmp_23" va00
  setv va00 addr game "mapeditortmp" 1533 1688 6866 6866 7048 7050
    rtyp va00 0
    rmsc 1610 6958 ""
    setv game "mapeditortmp_24" va00
  setv va00 addr game "mapeditortmp" 1688 1817 6866 6868 7050 7053
    rtyp va00 0
    rmsc 1752 6959 ""
    setv game "mapeditortmp_25" va00
  setv va00 addr game "mapeditortmp" 1817 1938 6868 6871 7053 7065
    rtyp va00 0
    rmsc 1877 6966 ""
    setv game "mapeditortmp_26" va00
  setv va00 addr game "mapeditortmp" 1938 2033 6871 6878 7065 7076
    rtyp va00 0
    rmsc 1985 6973 ""
    setv game "mapeditortmp_27" va00
  setv va00 addr game "mapeditortmp" 2033 2129 6878 6889 7076 7095
    rtyp va00 0
    rmsc 2081 6986 ""
    setv game "mapeditortmp_28" va00
  setv va00 addr game "mapeditortmp" 2129 2218 6889 6909 7095 7113
    rtyp va00 0
    rmsc 2173 7001 ""
    setv game "mapeditortmp_29" va00
  setv va00 addr game "mapeditortmp" 2218 2318 6909 6942 7113 7133
    rtyp va00 0
    rmsc 2268 7021 ""
    setv game "mapeditortmp_30" va00
  setv va00 addr game "mapeditortmp" 2318 2409 6942 6980 7133 7144
    rtyp va00 0
    rmsc 2363 7043 ""
    setv game "mapeditortmp_31" va00
  setv va00 addr game "mapeditortmp" 2409 2507 6980 7035 7144 7146
    rtyp va00 0
    rmsc 2458 7063 ""
    setv game "mapeditortmp_32" va00
  setv va00 addr game "mapeditortmp" 2507 2587 7035 7110 7146 7150
    rtyp va00 0
    rmsc 2547 7092 ""
    setv game "mapeditortmp_33" va00
  setv va00 addr game "mapeditortmp" 2507 2587 7146 7150 7321 7323
    rtyp va00 5
    rmsc 2547 7234 ""
    setv game "mapeditortmp_34" va00
  setv va00 addr game "mapeditortmp" 2587 2625 7110 7150 7323 7323
    rtyp va00 5
    rmsc 2606 7216 ""
    setv game "mapeditortmp_35" va00
  setv va00 addr game "mapeditortmp" 747 1462 7226 7226 7240 7240
    rtyp va00 2
    rmsc 1104 7233 ""
    setv game "mapeditortmp_36" va00
  setv va00 addr game "mapeditortmp" 1462 1688 7226 7230 7240 7240
    rtyp va00 0
    rmsc 1575 7233 ""
    setv game "mapeditortmp_37" va00
  setv va00 addr game "mapeditortmp" 1688 1817 7230 7238 7240 7251
    rtyp va00 5
    rmsc 1752 7240 ""
    setv game "mapeditortmp_38" va00
  setv va00 addr game "mapeditortmp" 1817 1938 7238 7249 7251 7262
    rtyp va00 5
    rmsc 1877 7250 ""
    setv game "mapeditortmp_39" va00
  setv va00 addr game "mapeditortmp" 1938 2033 7249 7263 7262 7275
    rtyp va00 5
    rmsc 1985 7262 ""
    setv game "mapeditortmp_40" va00
  setv va00 addr game "mapeditortmp" 2033 2129 7263 7280 7275 7293
    rtyp va00 5
    rmsc 2081 7278 ""
    setv game "mapeditortmp_41" va00
  setv va00 addr game "mapeditortmp" 2129 2218 7280 7294 7293 7309
    rtyp va00 5
    rmsc 2173 7294 ""
    setv game "mapeditortmp_42" va00
  setv va00 addr game "mapeditortmp" 2218 2318 7294 7308 7309 7322
    rtyp va00 5
    rmsc 2268 7308 ""
    setv game "mapeditortmp_43" va00
  setv va00 addr game "mapeditortmp" 2318 2409 7308 7316 7322 7329
    rtyp va00 5
    rmsc 2363 7318 ""
    setv game "mapeditortmp_44" va00
  setv va00 addr game "mapeditortmp" 2409 2507 7316 7321 7329 7334
    rtyp va00 1
    rmsc 2458 7325 ""
    setv game "mapeditortmp_45" va00
  setv va00 addr game "mapeditortmp" 2507 2587 7321 7323 7334 7336
    rtyp va00 1
    rmsc 2547 7328 ""
    setv game "mapeditortmp_46" va00
  setv va00 addr game "mapeditortmp" 2587 2625 7323 7323 7336 7337
    rtyp va00 5
    rmsc 2606 7330 ""
    setv game "mapeditortmp_47" va00
  setv va00 addr game "mapeditortmp" 2625 2671 7150 7238 7323 7323
    rtyp va00 5
    rmsc 2648 7236 ""
    setv game "mapeditortmp_48" va00
  setv va00 addr game "mapeditortmp" 2625 2671 7323 7323 7337 7337
    rtyp va00 5
    rmsc 2648 7330 ""
    setv game "mapeditortmp_49" va00
  setv va00 addr game "mapeditortmp" 2625 2693 7337 7337 7446 7446
    rtyp va00 0
    rmsc 2659 7391 ""
    setv game "mapeditortmp_50" va00
  setv va00 addr game "mapeditortmp" 2693 2742 7337 7394 7446 7446
    rtyp va00 0
    rmsc 2717 7391 ""
    setv game "mapeditortmp_51" va00
  setv va00 addr game "mapeditortmp" 2742 2791 7394 7477 7590 7590
    rtyp va00 0
    rmsc 2766 7492 ""
    setv game "mapeditortmp_52" va00
  setv va00 addr game "mapeditortmp" 2742 2791 7590 7590 7604 7604
    rtyp va00 5
    rmsc 2766 7597 ""
    setv game "mapeditortmp_53" va00
  setv va00 addr game "mapeditortmp" 2742 2791 7804 7804 7985 7874
    rtyp va00 6
    rmsc 2766 7839 ""
    setv game "mapeditortmp_54" va00
  setv va00 addr game "mapeditortmp" 2693 2742 7446 7446 7589 7590
    rtyp va00 5
    rmsc 2717 7518 ""
    setv game "mapeditortmp_55" va00
  setv va00 addr game "mapeditortmp" 2625 2693 7446 7446 7588 7589
    rtyp va00 5
    rmsc 2659 7517 ""
    setv game "mapeditortmp_56" va00
  setv va00 addr game "mapeditortmp" 2519 2625 7446 7446 7583 7588
    rtyp va00 5
    rmsc 2572 7517 ""
    setv game "mapeditortmp_57" va00
  setv va00 addr game "mapeditortmp" 2409 2507 7329 7334 7445 7446
    rtyp va00 0
    rmsc 2458 7387 ""
    setv game "mapeditortmp_58" va00
  setv va00 addr game "mapeditortmp" 2507 2625 7334 7337 7446 7446
    rtyp va00 0
    rmsc 2566 7390 ""
    setv game "mapeditortmp_59" va00
  setv va00 addr game "mapeditortmp" 2409 2519 7445 7446 7575 7583
    rtyp va00 5
    rmsc 2464 7514 ""
    setv game "mapeditortmp_60" va00
  setv va00 addr game "mapeditortmp" 1817 1938 7251 7262 7367 7380
    rtyp va00 0
    rmsc 1877 7315 ""
    setv game "mapeditortmp_61" va00
  setv va00 addr game "mapeditortmp" 1938 2033 7262 7275 7380 7393
    rtyp va00 0
    rmsc 1985 7327 ""
    setv game "mapeditortmp_62" va00
  setv va00 addr game "mapeditortmp" 2033 2129 7275 7293 7393 7410
    rtyp va00 0
    rmsc 2081 7342 ""
    setv game "mapeditortmp_63" va00
  setv va00 addr game "mapeditortmp" 1748 1817 7245 7251 7359 7367
    rtyp va00 0
    rmsc 1782 7306 ""
    setv game "mapeditortmp_64" va00
  setv va00 addr game "mapeditortmp" 2129 2218 7293 7309 7410 7424
    rtyp va00 0
    rmsc 2173 7358 ""
    setv game "mapeditortmp_65" va00
  setv va00 addr game "mapeditortmp" 1641 1748 7360 7359 7535 7537
    rtyp va00 5
    rmsc 1694 7448 ""
    setv game "mapeditortmp_66" va00
  setv va00 addr game "mapeditortmp" 1548 1641 7361 7360 7534 7535
    rtyp va00 5
    rmsc 1594 7448 ""
    setv game "mapeditortmp_67" va00
  setv va00 addr game "mapeditortmp" 1498 1548 7361 7361 7533 7534
    rtyp va00 2
    rmsc 1523 7447 ""
    setv game "mapeditortmp_68" va00
  setv va00 addr game "mapeditortmp" 1190 1316 7362 7362 7531 7532
    rtyp va00 2
    rmsc 1253 7447 ""
    setv game "mapeditortmp_69" va00
  setv va00 addr game "mapeditortmp" 1001 1190 7362 7362 7530 7531
    rtyp va00 2
    rmsc 1095 7446 ""
    setv game "mapeditortmp_70" va00
  setv va00 addr game "mapeditortmp" 824 1001 7362 7362 7528 7530
    rtyp va00 2
    rmsc 912 7446 ""
    setv game "mapeditortmp_71" va00
  setv va00 addr game "mapeditortmp" 747 1001 7240 7240 7362 7362
    rtyp va00 0
    rmsc 874 7301 ""
    setv game "mapeditortmp_72" va00
  setv va00 addr game "mapeditortmp" 747 824 7362 7362 7527 7528
    rtyp va00 2
    rmsc 785 7445 ""
    setv game "mapeditortmp_73" va00
  setv va00 addr game "mapeditortmp" 1001 1190 7240 7240 7362 7362
    rtyp va00 0
    rmsc 1095 7301 ""
    setv game "mapeditortmp_74" va00
  setv va00 addr game "mapeditortmp" 1190 1352 7240 7240 7362 7362
    rtyp va00 0
    rmsc 1271 7301 ""
    setv game "mapeditortmp_75" va00
  setv va00 addr game "mapeditortmp" 1352 1548 7240 7240 7362 7361
    rtyp va00 0
    rmsc 1450 7300 ""
    setv game "mapeditortmp_76" va00
  setv va00 addr game "mapeditortmp" 1548 1688 7240 7240 7361 7360
    rtyp va00 0
    rmsc 1618 7300 ""
    setv game "mapeditortmp_77" va00
  setv va00 addr game "mapeditortmp" 1688 1748 7240 7245 7360 7359
    rtyp va00 0
    rmsc 1718 7299 ""
    setv game "mapeditortmp_78" va00
  setv va00 addr game "mapeditortmp" 1748 1817 7359 7367 7537 7543
    rtyp va00 5
    rmsc 1782 7451 ""
    setv game "mapeditortmp_79" va00
  setv va00 addr game "mapeditortmp" 2218 2318 7309 7322 7424 7435
    rtyp va00 0
    rmsc 2268 7372 ""
    setv game "mapeditortmp_80" va00
  setv va00 addr game "mapeditortmp" 2318 2409 7322 7329 7435 7445
    rtyp va00 0
    rmsc 2363 7383 ""
    setv game "mapeditortmp_81" va00
  setv va00 addr game "mapeditortmp" 2318 2409 7435 7445 7566 7575
    rtyp va00 5
    rmsc 2363 7505 ""
    setv game "mapeditortmp_82" va00
  setv va00 addr game "mapeditortmp" 2218 2318 7424 7435 7558 7566
    rtyp va00 5
    rmsc 2268 7495 ""
    setv game "mapeditortmp_83" va00
  setv va00 addr game "mapeditortmp" 2129 2218 7410 7424 7552 7558
    rtyp va00 5
    rmsc 2173 7484 ""
    setv game "mapeditortmp_84" va00
  setv va00 addr game "mapeditortmp" 2033 2129 7393 7410 7550 7552
    rtyp va00 5
    rmsc 2081 7472 ""
    setv game "mapeditortmp_85" va00
  setv va00 addr game "mapeditortmp" 1938 2033 7380 7393 7548 7550
    rtyp va00 5
    rmsc 1985 7465 ""
    setv game "mapeditortmp_86" va00
  setv va00 addr game "mapeditortmp" 1817 1938 7367 7380 7543 7548
    rtyp va00 5
    rmsc 1877 7457 ""
    setv game "mapeditortmp_87" va00
  setv va00 addr game "mapeditortmp" 1316 1498 7362 7361 7532 7533
    rtyp va00 2
    rmsc 1407 7447 ""
    setv game "mapeditortmp_88" va00
  setv va00 addr game "mapeditortmp" 747 824 7527 7528 7541 7542
    rtyp va00 2
    rmsc 785 7534 ""
    setv game "mapeditortmp_89" va00
  setv va00 addr game "mapeditortmp" 824 1001 7528 7530 7542 7545
    rtyp va00 2
    rmsc 912 7536 ""
    setv game "mapeditortmp_90" va00
  setv va00 addr game "mapeditortmp" 1001 1190 7530 7531 7545 7545
    rtyp va00 2
    rmsc 1095 7537 ""
    setv game "mapeditortmp_91" va00
  setv va00 addr game "mapeditortmp" 1190 1316 7531 7532 7545 7547
    rtyp va00 2
    rmsc 1253 7539 ""
    setv game "mapeditortmp_92" va00
  setv va00 addr game "mapeditortmp" 1316 1498 7532 7533 7547 7547
    rtyp va00 1
    rmsc 1407 7539 ""
    setv game "mapeditortmp_93" va00
  setv va00 addr game "mapeditortmp" 1498 1641 7533 7535 7547 7549
    rtyp va00 6
    rmsc 1569 7541 ""
    setv game "mapeditortmp_94" va00
  setv va00 addr game "mapeditortmp" 1641 1748 7535 7537 7549 7553
    rtyp va00 6
    rmsc 1694 7544 ""
    setv game "mapeditortmp_95" va00
  setv va00 addr game "mapeditortmp" 1748 1817 7537 7543 7553 7558
    rtyp va00 6
    rmsc 1782 7547 ""
    setv game "mapeditortmp_96" va00
  setv va00 addr game "mapeditortmp" 1817 1938 7543 7548 7558 7562
    rtyp va00 6
    rmsc 1877 7552 ""
    setv game "mapeditortmp_97" va00
  setv va00 addr game "mapeditortmp" 1938 2033 7548 7550 7562 7565
    rtyp va00 5
    rmsc 1985 7556 ""
    setv game "mapeditortmp_98" va00
  setv va00 addr game "mapeditortmp" 2033 2129 7550 7552 7565 7567
    rtyp va00 5
    rmsc 2081 7558 ""
    setv game "mapeditortmp_99" va00
  setv va00 addr game "mapeditortmp" 2129 2218 7552 7558 7567 7573
    rtyp va00 5
    rmsc 2173 7562 ""
    setv game "mapeditortmp_100" va00
  setv va00 addr game "mapeditortmp" 2218 2318 7558 7566 7573 7581
    rtyp va00 5
    rmsc 2268 7569 ""
    setv game "mapeditortmp_101" va00
  setv va00 addr game "mapeditortmp" 2318 2409 7566 7575 7581 7591
    rtyp va00 5
    rmsc 2363 7578 ""
    setv game "mapeditortmp_102" va00
  setv va00 addr game "mapeditortmp" 2409 2519 7575 7583 7591 7599
    rtyp va00 5
    rmsc 2464 7587 ""
    setv game "mapeditortmp_103" va00
  setv va00 addr game "mapeditortmp" 2519 2625 7583 7588 7599 7602
    rtyp va00 5
    rmsc 2572 7592 ""
    setv game "mapeditortmp_104" va00
  setv va00 addr game "mapeditortmp" 2625 2693 7588 7589 7602 7604
    rtyp va00 5
    rmsc 2659 7596 ""
    setv game "mapeditortmp_105" va00
  setv va00 addr game "mapeditortmp" 2693 2742 7589 7590 7604 7604
    rtyp va00 5
    rmsc 2717 7596 ""
    setv game "mapeditortmp_106" va00
  setv va00 addr game "mapeditortmp" 2693 2791 7604 7604 7804 7804
    rtyp va00 0
    rmsc 2742 7704 ""
    setv game "mapeditortmp_107" va00
  setv va00 addr game "mapeditortmp" 2700 2742 7804 7804 8011 7985
    rtyp va00 6
    rmsc 2721 7894 ""
    setv game "mapeditortmp_108" va00
  setv va00 addr game "mapeditortmp" 2625 2693 7602 7604 7804 7804
    rtyp va00 0
    rmsc 2659 7703 ""
    setv game "mapeditortmp_109" va00
  setv va00 addr game "mapeditortmp" 2519 2625 7599 7602 7804 7804
    rtyp va00 0
    rmsc 2572 7701 ""
    setv game "mapeditortmp_110" va00
  setv va00 addr game "mapeditortmp" 2409 2519 7591 7599 7804 7804
    rtyp va00 0
    rmsc 2464 7697 ""
    setv game "mapeditortmp_111" va00
  setv va00 addr game "mapeditortmp" 2318 2409 7581 7591 7804 7804
    rtyp va00 0
    rmsc 2363 7692 ""
    setv game "mapeditortmp_112" va00
  setv va00 addr game "mapeditortmp" 2218 2318 7573 7581 7804 7804
    rtyp va00 0
    rmsc 2268 7688 ""
    setv game "mapeditortmp_113" va00
  setv va00 addr game "mapeditortmp" 2129 2218 7567 7573 7804 7804
    rtyp va00 0
    rmsc 2173 7685 ""
    setv game "mapeditortmp_114" va00
  setv va00 addr game "mapeditortmp" 2033 2129 7565 7567 7804 7804
    rtyp va00 0
    rmsc 2081 7684 ""
    setv game "mapeditortmp_115" va00
  setv va00 addr game "mapeditortmp" 1938 2033 7562 7565 7804 7804
    rtyp va00 0
    rmsc 1985 7683 ""
    setv game "mapeditortmp_116" va00
  setv va00 addr game "mapeditortmp" 1817 1938 7558 7562 7804 7804
    rtyp va00 0
    rmsc 1877 7681 ""
    setv game "mapeditortmp_117" va00
  setv va00 addr game "mapeditortmp" 2500 2700 7804 7804 8013 8011
    rtyp va00 6
    rmsc 2600 7907 ""
    setv game "mapeditortmp_118" va00
  setv va00 addr game "mapeditortmp" 2300 2500 7804 7804 8015 8013
    rtyp va00 6
    rmsc 2400 7908 ""
    setv game "mapeditortmp_119" va00
  setv va00 addr game "mapeditortmp" 2106 2300 7804 7804 8016 8015
    rtyp va00 6
    rmsc 2203 7909 ""
    setv game "mapeditortmp_120" va00
  setv va00 addr game "mapeditortmp" 1892 2106 7804 7804 8019 8016
    rtyp va00 6
    rmsc 1999 7910 ""
    setv game "mapeditortmp_121" va00
  setv va00 addr game "mapeditortmp" 1704 1892 7804 7804 8020 8019
    rtyp va00 6
    rmsc 1798 7911 ""
    setv game "mapeditortmp_122" va00
  setv va00 addr game "mapeditortmp" 1507 1704 7804 7804 8022 8020
    rtyp va00 6
    rmsc 1605 7912 ""
    setv game "mapeditortmp_123" va00
  setv va00 addr game "mapeditortmp" 1407 1507 7804 7804 8023 8022
    rtyp va00 6
    rmsc 1457 7913 ""
    setv game "mapeditortmp_124" va00
  setv va00 addr game "mapeditortmp" 1244 1407 7804 7804 8024 8023
    rtyp va00 6
    rmsc 1325 7913 ""
    setv game "mapeditortmp_125" va00
  setv va00 addr game "mapeditortmp" 1132 1244 7804 7804 8023 8024
    rtyp va00 6
    rmsc 1188 7914 ""
    setv game "mapeditortmp_126" va00
  setv va00 addr game "mapeditortmp" 1026 1132 7804 7804 8016 8023
    rtyp va00 6
    rmsc 1079 7913 ""
    setv game "mapeditortmp_127" va00
  setv va00 addr game "mapeditortmp" 912 1026 7804 7804 7991 8016
    rtyp va00 6
    rmsc 969 7910 ""
    setv game "mapeditortmp_128" va00
  setv va00 addr game "mapeditortmp" 834 912 7804 7804 7953 7991
    rtyp va00 6
    rmsc 873 7897 ""
    setv game "mapeditortmp_129" va00
  setv va00 addr game "mapeditortmp" 797 834 7804 7804 7902 7953
    rtyp va00 6
    rmsc 815 7878 ""
    setv game "mapeditortmp_130" va00
  setv va00 addr game "mapeditortmp" 1748 1817 7553 7558 7804 7804
    rtyp va00 0
    rmsc 1782 7678 ""
    setv game "mapeditortmp_131" va00
  setv va00 addr game "mapeditortmp" 1641 1748 7549 7553 7804 7804
    rtyp va00 0
    rmsc 1694 7676 ""
    setv game "mapeditortmp_132" va00
  setv va00 addr game "mapeditortmp" 1498 1641 7547 7549 7804 7804
    rtyp va00 0
    rmsc 1569 7675 ""
    setv game "mapeditortmp_133" va00
  setv va00 addr game "mapeditortmp" 1316 1498 7547 7547 7804 7804
    rtyp va00 0
    rmsc 1407 7675 ""
    setv game "mapeditortmp_134" va00
  setv va00 addr game "mapeditortmp" 1190 1316 7545 7547 7804 7804
    rtyp va00 0
    rmsc 1253 7674 ""
    setv game "mapeditortmp_135" va00
  setv va00 addr game "mapeditortmp" 1001 1190 7545 7545 7804 7804
    rtyp va00 0
    rmsc 1095 7674 ""
    setv game "mapeditortmp_136" va00
  setv va00 addr game "mapeditortmp" 797 1001 7542 7545 7804 7804
    rtyp va00 0
    rmsc 899 7673 ""
    setv game "mapeditortmp_137" va00

door game "mapeditortmp_0" game "mapeditortmp_1" 100
door game "mapeditortmp_0" game "mapeditortmp_6" 50
door game "mapeditortmp_1" game "mapeditortmp_2" 100
door game "mapeditortmp_1" game "mapeditortmp_6" 50
door game "mapeditortmp_2" game "mapeditortmp_3" 100
door game "mapeditortmp_2" game "mapeditortmp_6" 50
door game "mapeditortmp_3" game "mapeditortmp_4" 100
door game "mapeditortmp_3" game "mapeditortmp_6" 50
door game "mapeditortmp_4" game "mapeditortmp_6" 50
door game "mapeditortmp_4" game "mapeditortmp_14" 100

door game "mapeditortmp_5" game "mapeditortmp_6" 50
door game "mapeditortmp_5" game "mapeditortmp_12" 100
door game "mapeditortmp_5" game "mapeditortmp_13" 100
door game "mapeditortmp_5" game "mapeditortmp_14" 100
door game "mapeditortmp_5" game "mapeditortmp_24" 100
door game "mapeditortmp_6" game "mapeditortmp_7" 50
door game "mapeditortmp_6" game "mapeditortmp_8" 50
door game "mapeditortmp_6" game "mapeditortmp_9" 50
door game "mapeditortmp_6" game "mapeditortmp_10" 50
door game "mapeditortmp_6" game "mapeditortmp_11" 50

door game "mapeditortmp_6" game "mapeditortmp_12" 50
door game "mapeditortmp_7" game "mapeditortmp_8" 100
door game "mapeditortmp_7" game "mapeditortmp_36" 25
door game "mapeditortmp_8" game "mapeditortmp_9" 100
door game "mapeditortmp_8" game "mapeditortmp_36" 25
door game "mapeditortmp_9" game "mapeditortmp_10" 100
door game "mapeditortmp_9" game "mapeditortmp_36" 25
door game "mapeditortmp_10" game "mapeditortmp_11" 100
door game "mapeditortmp_10" game "mapeditortmp_36" 25
door game "mapeditortmp_11" game "mapeditortmp_12" 100

door game "mapeditortmp_11" game "mapeditortmp_36" 25
door game "mapeditortmp_12" game "mapeditortmp_13" 100
door game "mapeditortmp_12" game "mapeditortmp_36" 25
door game "mapeditortmp_13" game "mapeditortmp_15" 100
door game "mapeditortmp_13" game "mapeditortmp_37" 25
door game "mapeditortmp_14" game "mapeditortmp_24" 100
door game "mapeditortmp_15" game "mapeditortmp_16" 100
door game "mapeditortmp_15" game "mapeditortmp_24" 100
door game "mapeditortmp_15" game "mapeditortmp_37" 25
door game "mapeditortmp_16" game "mapeditortmp_17" 100

door game "mapeditortmp_16" game "mapeditortmp_25" 100
door game "mapeditortmp_16" game "mapeditortmp_38" 25
door game "mapeditortmp_17" game "mapeditortmp_18" 100
door game "mapeditortmp_17" game "mapeditortmp_26" 100
door game "mapeditortmp_17" game "mapeditortmp_39" 25
door game "mapeditortmp_18" game "mapeditortmp_19" 100
door game "mapeditortmp_18" game "mapeditortmp_27" 100
door game "mapeditortmp_18" game "mapeditortmp_40" 25
door game "mapeditortmp_19" game "mapeditortmp_20" 100
door game "mapeditortmp_19" game "mapeditortmp_28" 100

door game "mapeditortmp_19" game "mapeditortmp_41" 25
door game "mapeditortmp_20" game "mapeditortmp_21" 100
door game "mapeditortmp_20" game "mapeditortmp_29" 100
door game "mapeditortmp_20" game "mapeditortmp_42" 25
door game "mapeditortmp_21" game "mapeditortmp_22" 100
door game "mapeditortmp_21" game "mapeditortmp_30" 100
door game "mapeditortmp_21" game "mapeditortmp_43" 25
door game "mapeditortmp_22" game "mapeditortmp_23" 100
door game "mapeditortmp_22" game "mapeditortmp_31" 100
door game "mapeditortmp_22" game "mapeditortmp_44" 25

door game "mapeditortmp_23" game "mapeditortmp_32" 100
door game "mapeditortmp_23" game "mapeditortmp_34" 100
door game "mapeditortmp_23" game "mapeditortmp_45" 50
door game "mapeditortmp_24" game "mapeditortmp_25" 100
door game "mapeditortmp_25" game "mapeditortmp_26" 100
door game "mapeditortmp_26" game "mapeditortmp_27" 100
door game "mapeditortmp_27" game "mapeditortmp_28" 100
door game "mapeditortmp_28" game "mapeditortmp_29" 100
door game "mapeditortmp_29" game "mapeditortmp_30" 100
door game "mapeditortmp_30" game "mapeditortmp_31" 100

door game "mapeditortmp_31" game "mapeditortmp_32" 100
door game "mapeditortmp_32" game "mapeditortmp_33" 100
door game "mapeditortmp_33" game "mapeditortmp_34" 100
door game "mapeditortmp_33" game "mapeditortmp_35" 100
door game "mapeditortmp_34" game "mapeditortmp_35" 100
door game "mapeditortmp_34" game "mapeditortmp_46" 50
door game "mapeditortmp_35" game "mapeditortmp_47" 25
door game "mapeditortmp_35" game "mapeditortmp_48" 100
door game "mapeditortmp_36" game "mapeditortmp_37" 25
door game "mapeditortmp_36" game "mapeditortmp_72" 25

door game "mapeditortmp_36" game "mapeditortmp_74" 25
door game "mapeditortmp_36" game "mapeditortmp_75" 25
door game "mapeditortmp_36" game "mapeditortmp_76" 25
door game "mapeditortmp_37" game "mapeditortmp_38" 25
door game "mapeditortmp_37" game "mapeditortmp_76" 25
door game "mapeditortmp_37" game "mapeditortmp_77" 25
door game "mapeditortmp_38" game "mapeditortmp_39" 25
door game "mapeditortmp_38" game "mapeditortmp_64" 25
door game "mapeditortmp_38" game "mapeditortmp_78" 25
door game "mapeditortmp_39" game "mapeditortmp_40" 25

door game "mapeditortmp_39" game "mapeditortmp_61" 25
door game "mapeditortmp_40" game "mapeditortmp_41" 25
door game "mapeditortmp_40" game "mapeditortmp_62" 25
door game "mapeditortmp_41" game "mapeditortmp_42" 25
door game "mapeditortmp_41" game "mapeditortmp_63" 25
door game "mapeditortmp_42" game "mapeditortmp_43" 25
door game "mapeditortmp_42" game "mapeditortmp_65" 25
door game "mapeditortmp_43" game "mapeditortmp_44" 25
door game "mapeditortmp_43" game "mapeditortmp_80" 25
door game "mapeditortmp_44" game "mapeditortmp_45" 25

door game "mapeditortmp_44" game "mapeditortmp_81" 25
door game "mapeditortmp_45" game "mapeditortmp_46" 50
door game "mapeditortmp_45" game "mapeditortmp_58" 50
door game "mapeditortmp_46" game "mapeditortmp_47" 25
door game "mapeditortmp_46" game "mapeditortmp_59" 50
door game "mapeditortmp_47" game "mapeditortmp_49" 25
door game "mapeditortmp_47" game "mapeditortmp_59" 25
door game "mapeditortmp_48" game "mapeditortmp_49" 25
door game "mapeditortmp_49" game "mapeditortmp_50" 25
door game "mapeditortmp_50" game "mapeditortmp_51" 100

door game "mapeditortmp_50" game "mapeditortmp_56" 100
door game "mapeditortmp_50" game "mapeditortmp_59" 100
door game "mapeditortmp_51" game "mapeditortmp_52" 100
door game "mapeditortmp_51" game "mapeditortmp_55" 100
door game "mapeditortmp_52" game "mapeditortmp_53" 0
door game "mapeditortmp_52" game "mapeditortmp_55" 100
door game "mapeditortmp_53" game "mapeditortmp_106" 0
door game "mapeditortmp_53" game "mapeditortmp_107" 0
door game "mapeditortmp_54" game "mapeditortmp_107" 100
door game "mapeditortmp_54" game "mapeditortmp_108" 100

door game "mapeditortmp_55" game "mapeditortmp_56" 100
door game "mapeditortmp_55" game "mapeditortmp_106" 0
door game "mapeditortmp_56" game "mapeditortmp_57" 100
door game "mapeditortmp_56" game "mapeditortmp_105" 0
door game "mapeditortmp_57" game "mapeditortmp_59" 100
door game "mapeditortmp_57" game "mapeditortmp_60" 100
door game "mapeditortmp_57" game "mapeditortmp_104" 0
door game "mapeditortmp_58" game "mapeditortmp_59" 100
door game "mapeditortmp_58" game "mapeditortmp_60" 100
door game "mapeditortmp_58" game "mapeditortmp_81" 100

door game "mapeditortmp_59" game "mapeditortmp_60" 100
door game "mapeditortmp_60" game "mapeditortmp_82" 100
door game "mapeditortmp_60" game "mapeditortmp_103" 0
door game "mapeditortmp_61" game "mapeditortmp_62" 100
door game "mapeditortmp_61" game "mapeditortmp_64" 100
door game "mapeditortmp_61" game "mapeditortmp_87" 100
door game "mapeditortmp_62" game "mapeditortmp_63" 100
door game "mapeditortmp_62" game "mapeditortmp_86" 100
door game "mapeditortmp_63" game "mapeditortmp_65" 100
door game "mapeditortmp_63" game "mapeditortmp_85" 100

door game "mapeditortmp_64" game "mapeditortmp_78" 100
door game "mapeditortmp_64" game "mapeditortmp_79" 100
door game "mapeditortmp_65" game "mapeditortmp_80" 100
door game "mapeditortmp_65" game "mapeditortmp_84" 100
door game "mapeditortmp_66" game "mapeditortmp_67" 100
door game "mapeditortmp_66" game "mapeditortmp_77" 100
door game "mapeditortmp_66" game "mapeditortmp_78" 100
door game "mapeditortmp_66" game "mapeditortmp_79" 100
door game "mapeditortmp_66" game "mapeditortmp_95" 0
door game "mapeditortmp_67" game "mapeditortmp_68" 100

door game "mapeditortmp_67" game "mapeditortmp_77" 100
door game "mapeditortmp_67" game "mapeditortmp_94" 0
door game "mapeditortmp_68" game "mapeditortmp_76" 100
door game "mapeditortmp_68" game "mapeditortmp_88" 100
door game "mapeditortmp_68" game "mapeditortmp_94" 0
door game "mapeditortmp_69" game "mapeditortmp_70" 100
door game "mapeditortmp_69" game "mapeditortmp_75" 100
door game "mapeditortmp_69" game "mapeditortmp_88" 100
door game "mapeditortmp_69" game "mapeditortmp_92" 0
door game "mapeditortmp_70" game "mapeditortmp_71" 100

door game "mapeditortmp_70" game "mapeditortmp_74" 100
door game "mapeditortmp_70" game "mapeditortmp_91" 0
door game "mapeditortmp_71" game "mapeditortmp_72" 100
door game "mapeditortmp_71" game "mapeditortmp_73" 100
door game "mapeditortmp_71" game "mapeditortmp_90" 0
door game "mapeditortmp_72" game "mapeditortmp_73" 100
door game "mapeditortmp_72" game "mapeditortmp_74" 100
door game "mapeditortmp_73" game "mapeditortmp_89" 0
door game "mapeditortmp_74" game "mapeditortmp_75" 100
door game "mapeditortmp_75" game "mapeditortmp_76" 100

door game "mapeditortmp_75" game "mapeditortmp_88" 100
door game "mapeditortmp_76" game "mapeditortmp_77" 100
door game "mapeditortmp_76" game "mapeditortmp_88" 100
door game "mapeditortmp_77" game "mapeditortmp_78" 100
door game "mapeditortmp_79" game "mapeditortmp_87" 100
door game "mapeditortmp_79" game "mapeditortmp_96" 0
door game "mapeditortmp_80" game "mapeditortmp_81" 100
door game "mapeditortmp_80" game "mapeditortmp_83" 100
door game "mapeditortmp_81" game "mapeditortmp_82" 100
door game "mapeditortmp_82" game "mapeditortmp_83" 100

door game "mapeditortmp_82" game "mapeditortmp_102" 0
door game "mapeditortmp_83" game "mapeditortmp_84" 100
door game "mapeditortmp_83" game "mapeditortmp_101" 0
door game "mapeditortmp_84" game "mapeditortmp_85" 100
door game "mapeditortmp_84" game "mapeditortmp_100" 0
door game "mapeditortmp_85" game "mapeditortmp_86" 100
door game "mapeditortmp_85" game "mapeditortmp_99" 0
door game "mapeditortmp_86" game "mapeditortmp_87" 100
door game "mapeditortmp_86" game "mapeditortmp_98" 0
door game "mapeditortmp_87" game "mapeditortmp_97" 0

door game "mapeditortmp_88" game "mapeditortmp_93" 50
door game "mapeditortmp_89" game "mapeditortmp_90" 0
door game "mapeditortmp_89" game "mapeditortmp_137" 0
door game "mapeditortmp_90" game "mapeditortmp_91" 0
door game "mapeditortmp_90" game "mapeditortmp_137" 0
door game "mapeditortmp_91" game "mapeditortmp_92" 0
door game "mapeditortmp_91" game "mapeditortmp_136" 0
door game "mapeditortmp_92" game "mapeditortmp_93" 0
door game "mapeditortmp_92" game "mapeditortmp_135" 0
door game "mapeditortmp_93" game "mapeditortmp_94" 0

door game "mapeditortmp_93" game "mapeditortmp_134" 50
door game "mapeditortmp_94" game "mapeditortmp_95" 0
door game "mapeditortmp_94" game "mapeditortmp_133" 0
door game "mapeditortmp_95" game "mapeditortmp_96" 0
door game "mapeditortmp_95" game "mapeditortmp_132" 0
door game "mapeditortmp_96" game "mapeditortmp_97" 0
door game "mapeditortmp_96" game "mapeditortmp_131" 0
door game "mapeditortmp_97" game "mapeditortmp_98" 0
door game "mapeditortmp_97" game "mapeditortmp_117" 0
door game "mapeditortmp_98" game "mapeditortmp_99" 0

door game "mapeditortmp_98" game "mapeditortmp_116" 0
door game "mapeditortmp_99" game "mapeditortmp_100" 0
door game "mapeditortmp_99" game "mapeditortmp_115" 0
door game "mapeditortmp_100" game "mapeditortmp_101" 0
door game "mapeditortmp_100" game "mapeditortmp_114" 0
door game "mapeditortmp_101" game "mapeditortmp_102" 0
door game "mapeditortmp_101" game "mapeditortmp_113" 0
door game "mapeditortmp_102" game "mapeditortmp_103" 0
door game "mapeditortmp_102" game "mapeditortmp_112" 0
door game "mapeditortmp_103" game "mapeditortmp_104" 0

door game "mapeditortmp_103" game "mapeditortmp_111" 0
door game "mapeditortmp_104" game "mapeditortmp_105" 0
door game "mapeditortmp_104" game "mapeditortmp_110" 0
door game "mapeditortmp_105" game "mapeditortmp_106" 0
door game "mapeditortmp_105" game "mapeditortmp_109" 0
door game "mapeditortmp_106" game "mapeditortmp_107" 0
door game "mapeditortmp_107" game "mapeditortmp_108" 100
door game "mapeditortmp_107" game "mapeditortmp_109" 100
door game "mapeditortmp_107" game "mapeditortmp_118" 100
door game "mapeditortmp_108" game "mapeditortmp_118" 100

door game "mapeditortmp_109" game "mapeditortmp_110" 100
door game "mapeditortmp_109" game "mapeditortmp_118" 100
door game "mapeditortmp_110" game "mapeditortmp_111" 100
door game "mapeditortmp_110" game "mapeditortmp_118" 100
door game "mapeditortmp_111" game "mapeditortmp_112" 100
door game "mapeditortmp_111" game "mapeditortmp_118" 100
door game "mapeditortmp_111" game "mapeditortmp_119" 100
door game "mapeditortmp_112" game "mapeditortmp_113" 100
door game "mapeditortmp_112" game "mapeditortmp_119" 100
door game "mapeditortmp_113" game "mapeditortmp_114" 100

door game "mapeditortmp_113" game "mapeditortmp_119" 100
door game "mapeditortmp_113" game "mapeditortmp_120" 100
door game "mapeditortmp_114" game "mapeditortmp_115" 100
door game "mapeditortmp_114" game "mapeditortmp_120" 100
door game "mapeditortmp_115" game "mapeditortmp_116" 100
door game "mapeditortmp_115" game "mapeditortmp_120" 100
door game "mapeditortmp_115" game "mapeditortmp_121" 100
door game "mapeditortmp_116" game "mapeditortmp_117" 100
door game "mapeditortmp_116" game "mapeditortmp_121" 100
door game "mapeditortmp_117" game "mapeditortmp_121" 100

door game "mapeditortmp_117" game "mapeditortmp_122" 100
door game "mapeditortmp_117" game "mapeditortmp_131" 100
door game "mapeditortmp_118" game "mapeditortmp_119" 100
door game "mapeditortmp_119" game "mapeditortmp_120" 100
door game "mapeditortmp_120" game "mapeditortmp_121" 100
door game "mapeditortmp_121" game "mapeditortmp_122" 100
door game "mapeditortmp_122" game "mapeditortmp_123" 100
door game "mapeditortmp_122" game "mapeditortmp_131" 100
door game "mapeditortmp_122" game "mapeditortmp_132" 100
door game "mapeditortmp_123" game "mapeditortmp_124" 100

door game "mapeditortmp_123" game "mapeditortmp_132" 100
door game "mapeditortmp_123" game "mapeditortmp_133" 100
door game "mapeditortmp_124" game "mapeditortmp_125" 100
door game "mapeditortmp_124" game "mapeditortmp_133" 100
door game "mapeditortmp_124" game "mapeditortmp_134" 100
door game "mapeditortmp_125" game "mapeditortmp_126" 100
door game "mapeditortmp_125" game "mapeditortmp_134" 100
door game "mapeditortmp_125" game "mapeditortmp_135" 100
door game "mapeditortmp_126" game "mapeditortmp_127" 100
door game "mapeditortmp_126" game "mapeditortmp_135" 100

door game "mapeditortmp_126" game "mapeditortmp_136" 100
door game "mapeditortmp_127" game "mapeditortmp_128" 100
door game "mapeditortmp_127" game "mapeditortmp_136" 100
door game "mapeditortmp_128" game "mapeditortmp_129" 100
door game "mapeditortmp_128" game "mapeditortmp_136" 100
door game "mapeditortmp_128" game "mapeditortmp_137" 100
door game "mapeditortmp_129" game "mapeditortmp_130" 100
door game "mapeditortmp_129" game "mapeditortmp_137" 100
door game "mapeditortmp_130" game "mapeditortmp_137" 100
door game "mapeditortmp_131" game "mapeditortmp_132" 100

door game "mapeditortmp_132" game "mapeditortmp_133" 100
door game "mapeditortmp_133" game "mapeditortmp_134" 100
door game "mapeditortmp_134" game "mapeditortmp_135" 100
door game "mapeditortmp_135" game "mapeditortmp_136" 100
door game "mapeditortmp_136" game "mapeditortmp_137" 100

delg "mapeditortmp_0"
delg "mapeditortmp_1"
delg "mapeditortmp_2"
delg "mapeditortmp_3"
delg "mapeditortmp_4"
delg "mapeditortmp_5"
delg "mapeditortmp_6"
delg "mapeditortmp_7"
delg "mapeditortmp_8"
delg "mapeditortmp_9"
delg "mapeditortmp_10"
delg "mapeditortmp_11"
delg "mapeditortmp_12"
delg "mapeditortmp_13"
delg "mapeditortmp_14"
delg "mapeditortmp_15"
delg "mapeditortmp_16"
delg "mapeditortmp_17"
delg "mapeditortmp_18"
delg "mapeditortmp_19"
delg "mapeditortmp_20"
delg "mapeditortmp_21"
delg "mapeditortmp_22"
delg "mapeditortmp_23"
delg "mapeditortmp_24"
delg "mapeditortmp_25"
delg "mapeditortmp_26"
delg "mapeditortmp_27"
delg "mapeditortmp_28"
delg "mapeditortmp_29"
delg "mapeditortmp_30"
delg "mapeditortmp_31"
delg "mapeditortmp_32"
delg "mapeditortmp_33"
delg "mapeditortmp_34"
delg "mapeditortmp_35"
delg "mapeditortmp_36"
delg "mapeditortmp_37"
delg "mapeditortmp_38"
delg "mapeditortmp_39"
delg "mapeditortmp_40"
delg "mapeditortmp_41"
delg "mapeditortmp_42"
delg "mapeditortmp_43"
delg "mapeditortmp_44"
delg "mapeditortmp_45"
delg "mapeditortmp_46"
delg "mapeditortmp_47"
delg "mapeditortmp_48"
delg "mapeditortmp_49"
delg "mapeditortmp_50"
delg "mapeditortmp_51"
delg "mapeditortmp_52"
delg "mapeditortmp_53"
delg "mapeditortmp_54"
delg "mapeditortmp_55"
delg "mapeditortmp_56"
delg "mapeditortmp_57"
delg "mapeditortmp_58"
delg "mapeditortmp_59"
delg "mapeditortmp_60"
delg "mapeditortmp_61"
delg "mapeditortmp_62"
delg "mapeditortmp_63"
delg "mapeditortmp_64"
delg "mapeditortmp_65"
delg "mapeditortmp_66"
delg "mapeditortmp_67"
delg "mapeditortmp_68"
delg "mapeditortmp_69"
delg "mapeditortmp_70"
delg "mapeditortmp_71"
delg "mapeditortmp_72"
delg "mapeditortmp_73"
delg "mapeditortmp_74"
delg "mapeditortmp_75"
delg "mapeditortmp_76"
delg "mapeditortmp_77"
delg "mapeditortmp_78"
delg "mapeditortmp_79"
delg "mapeditortmp_80"
delg "mapeditortmp_81"
delg "mapeditortmp_82"
delg "mapeditortmp_83"
delg "mapeditortmp_84"
delg "mapeditortmp_85"
delg "mapeditortmp_86"
delg "mapeditortmp_87"
delg "mapeditortmp_88"
delg "mapeditortmp_89"
delg "mapeditortmp_90"
delg "mapeditortmp_91"
delg "mapeditortmp_92"
delg "mapeditortmp_93"
delg "mapeditortmp_94"
delg "mapeditortmp_95"
delg "mapeditortmp_96"
delg "mapeditortmp_97"
delg "mapeditortmp_98"
delg "mapeditortmp_99"
delg "mapeditortmp_100"
delg "mapeditortmp_101"
delg "mapeditortmp_102"
delg "mapeditortmp_103"
delg "mapeditortmp_104"
delg "mapeditortmp_105"
delg "mapeditortmp_106"
delg "mapeditortmp_107"
delg "mapeditortmp_108"
delg "mapeditortmp_109"
delg "mapeditortmp_110"
delg "mapeditortmp_111"
delg "mapeditortmp_112"
delg "mapeditortmp_113"
delg "mapeditortmp_114"
delg "mapeditortmp_115"
delg "mapeditortmp_116"
delg "mapeditortmp_117"
delg "mapeditortmp_118"
delg "mapeditortmp_119"
delg "mapeditortmp_120"
delg "mapeditortmp_121"
delg "mapeditortmp_122"
delg "mapeditortmp_123"
delg "mapeditortmp_124"
delg "mapeditortmp_125"
delg "mapeditortmp_126"
delg "mapeditortmp_127"
delg "mapeditortmp_128"
delg "mapeditortmp_129"
delg "mapeditortmp_130"
delg "mapeditortmp_131"
delg "mapeditortmp_132"
delg "mapeditortmp_133"
delg "mapeditortmp_134"
delg "mapeditortmp_135"
delg "mapeditortmp_136"
delg "mapeditortmp_137"

dbg: play

